2026-05-07 13:13:49,474 INFO [backend.app.services.virtual_printer.tcp_proxy] Starting FTP-Data-50040 TCP proxy: [IP]:50040 → [IP]:50040
2026-05-07 13:13:49,474 INFO [backend.app.services.virtual_printer.tcp_proxy] Starting FTP-Data-50041 TCP proxy: [IP]:50041 → [IP]:50041
2026-05-07 13:13:49,475 INFO [backend.app.services.virtual_printer.tcp_proxy] Starting FTP-Data-50042 TCP proxy: [IP]:50042 → [IP]:50042
2026-05-07 13:13:49,475 INFO [backend.app.services.virtual_printer.tcp_proxy] Starting FTP-Data-50043 TCP proxy: [IP]:50043 → [IP]:50043
2026-05-07 13:13:49,475 INFO [backend.app.services.virtual_printer.tcp_proxy] Starting FTP-Data-50044 TCP proxy: [IP]:50044 → [IP]:50044
2026-05-07 13:13:49,475 INFO [backend.app.services.virtual_printer.tcp_proxy] Starting FTP-Data-50045 TCP proxy: [IP]:50045 → [IP]:50045
2026-05-07 13:13:49,475 INFO [backend.app.services.virtual_printer.tcp_proxy] Starting FTP-Data-50046 TCP proxy: [IP]:50046 → [IP]:50046
2026-05-07 13:13:49,475 INFO [backend.app.services.virtual_printer.tcp_proxy] Starting FTP-Data-50047 TCP proxy: [IP]:50047 → [IP]:50047
2026-05-07 13:13:49,475 INFO [backend.app.services.virtual_printer.tcp_proxy] Starting FTP-Data-50048 TCP proxy: [IP]:50048 → [IP]:50048
2026-05-07 13:13:49,475 INFO [backend.app.services.virtual_printer.tcp_proxy] Starting FTP-Data-50049 TCP proxy: [IP]:50049 → [IP]:50049
2026-05-07 13:13:49,476 INFO [backend.app.services.virtual_printer.tcp_proxy] Starting FTP-Data-50050 TCP proxy: [IP]:50050 → [IP]:50050
2026-05-07 13:13:49,476 INFO [backend.app.services.virtual_printer.tcp_proxy] Starting FTP-Data-50051 TCP proxy: [IP]:50051 → [IP]:50051
2026-05-07 13:13:49,476 INFO [backend.app.services.virtual_printer.tcp_proxy] Starting FTP-Data-50052 TCP proxy: [IP]:50052 → [IP]:50052
2026-05-07 13:13:49,476 INFO [backend.app.services.virtual_printer.tcp_proxy] Starting FTP-Data-50053 TCP proxy: [IP]:50053 → [IP]:50053
2026-05-07 13:13:49,476 INFO [backend.app.services.virtual_printer.tcp_proxy] Starting FTP-Data-50054 TCP proxy: [IP]:50054 → [IP]:50054
2026-05-07 13:13:49,476 INFO [backend.app.services.virtual_printer.tcp_proxy] Starting FTP-Data-50055 TCP proxy: [IP]:50055 → [IP]:50055
2026-05-07 13:13:49,476 INFO [backend.app.services.virtual_printer.tcp_proxy] Starting FTP-Data-50056 TCP proxy: [IP]:50056 → [IP]:50056
2026-05-07 13:13:49,476 INFO [backend.app.services.virtual_printer.tcp_proxy] Starting FTP-Data-50057 TCP proxy: [IP]:50057 → [IP]:50057
2026-05-07 13:13:49,476 INFO [backend.app.services.virtual_printer.tcp_proxy] Starting FTP-Data-50058 TCP proxy: [IP]:50058 → [IP]:50058
2026-05-07 13:13:49,476 INFO [backend.app.services.virtual_printer.tcp_proxy] Starting FTP-Data-50059 TCP proxy: [IP]:50059 → [IP]:50059
2026-05-07 13:13:49,476 INFO [backend.app.services.virtual_printer.tcp_proxy] Starting FTP-Data-50060 TCP proxy: [IP]:50060 → [IP]:50060
2026-05-07 13:13:49,476 INFO [backend.app.services.virtual_printer.tcp_proxy] Starting FTP-Data-50061 TCP proxy: [IP]:50061 → [IP]:50061
2026-05-07 13:13:49,476 INFO [backend.app.services.virtual_printer.tcp_proxy] Starting FTP-Data-50062 TCP proxy: [IP]:50062 → [IP]:50062
2026-05-07 13:13:49,476 INFO [backend.app.services.virtual_printer.tcp_proxy] Starting FTP-Data-50063 TCP proxy: [IP]:50063 → [IP]:50063
2026-05-07 13:13:49,477 INFO [backend.app.services.virtual_printer.tcp_proxy] Starting FTP-Data-50064 TCP proxy: [IP]:50064 → [IP]:50064
2026-05-07 13:13:49,477 INFO [backend.app.services.virtual_printer.tcp_proxy] Starting FTP-Data-50065 TCP proxy: [IP]:50065 → [IP]:50065
2026-05-07 13:13:49,477 INFO [backend.app.services.virtual_printer.tcp_proxy] Starting FTP-Data-50066 TCP proxy: [IP]:50066 → [IP]:50066
2026-05-07 13:13:49,477 INFO [backend.app.services.virtual_printer.tcp_proxy] Starting FTP-Data-50067 TCP proxy: [IP]:50067 → [IP]:50067
2026-05-07 13:13:49,477 INFO [backend.app.services.virtual_printer.tcp_proxy] Starting FTP-Data-50068 TCP proxy: [IP]:50068 → [IP]:50068
2026-05-07 13:13:49,477 INFO [backend.app.services.virtual_printer.tcp_proxy] Starting FTP-Data-50069 TCP proxy: [IP]:50069 → [IP]:50069
2026-05-07 13:13:49,477 INFO [backend.app.services.virtual_printer.tcp_proxy] Starting FTP-Data-50070 TCP proxy: [IP]:50070 → [IP]:50070
2026-05-07 13:13:49,477 INFO [backend.app.services.virtual_printer.tcp_proxy] Starting FTP-Data-50071 TCP proxy: [IP]:50071 → [IP]:50071
2026-05-07 13:13:49,477 INFO [backend.app.services.virtual_printer.tcp_proxy] Starting FTP-Data-50072 TCP proxy: [IP]:50072 → [IP]:50072
2026-05-07 13:13:49,477 INFO [backend.app.services.virtual_printer.tcp_proxy] Starting FTP-Data-50073 TCP proxy: [IP]:50073 → [IP]:50073
2026-05-07 13:13:49,477 INFO [backend.app.services.virtual_printer.tcp_proxy] Starting FTP-Data-50074 TCP proxy: [IP]:50074 → [IP]:50074
2026-05-07 13:13:49,477 INFO [backend.app.services.virtual_printer.tcp_proxy] Starting FTP-Data-50075 TCP proxy: [IP]:50075 → [IP]:50075
2026-05-07 13:13:49,477 INFO [backend.app.services.virtual_printer.tcp_proxy] Starting FTP-Data-50076 TCP proxy: [IP]:50076 → [IP]:50076
2026-05-07 13:13:49,477 INFO [backend.app.services.virtual_printer.tcp_proxy] Starting FTP-Data-50077 TCP proxy: [IP]:50077 → [IP]:50077
2026-05-07 13:13:49,477 INFO [backend.app.services.virtual_printer.tcp_proxy] Starting FTP-Data-50078 TCP proxy: [IP]:50078 → [IP]:50078
2026-05-07 13:13:49,478 INFO [backend.app.services.virtual_printer.tcp_proxy] Starting FTP-Data-50079 TCP proxy: [IP]:50079 → [IP]:50079
2026-05-07 13:13:49,478 INFO [backend.app.services.virtual_printer.tcp_proxy] Starting FTP-Data-50080 TCP proxy: [IP]:50080 → [IP]:50080
2026-05-07 13:13:49,478 INFO [backend.app.services.virtual_printer.tcp_proxy] Starting FTP-Data-50081 TCP proxy: [IP]:50081 → [IP]:50081
2026-05-07 13:13:49,478 INFO [backend.app.services.virtual_printer.tcp_proxy] Starting FTP-Data-50082 TCP proxy: [IP]:50082 → [IP]:50082
2026-05-07 13:13:49,478 INFO [backend.app.services.virtual_printer.tcp_proxy] Starting FTP-Data-50083 TCP proxy: [IP]:50083 → [IP]:50083
2026-05-07 13:13:49,478 INFO [backend.app.services.virtual_printer.tcp_proxy] Starting FTP-Data-50084 TCP proxy: [IP]:50084 → [IP]:50084
2026-05-07 13:13:49,478 INFO [backend.app.services.virtual_printer.tcp_proxy] Starting FTP-Data-50085 TCP proxy: [IP]:50085 → [IP]:50085
2026-05-07 13:13:49,478 INFO [backend.app.services.virtual_printer.tcp_proxy] Starting FTP-Data-50086 TCP proxy: [IP]:50086 → [IP]:50086
2026-05-07 13:13:49,478 INFO [backend.app.services.virtual_printer.tcp_proxy] Starting FTP-Data-50087 TCP proxy: [IP]:50087 → [IP]:50087
2026-05-07 13:13:49,478 INFO [backend.app.services.virtual_printer.tcp_proxy] Starting FTP-Data-50088 TCP proxy: [IP]:50088 → [IP]:50088
2026-05-07 13:13:49,478 INFO [backend.app.services.virtual_printer.tcp_proxy] Starting FTP-Data-50089 TCP proxy: [IP]:50089 → [IP]:50089
2026-05-07 13:13:49,478 INFO [backend.app.services.virtual_printer.tcp_proxy] Starting FTP-Data-50090 TCP proxy: [IP]:50090 → [IP]:50090
2026-05-07 13:13:49,478 INFO [backend.app.services.virtual_printer.tcp_proxy] Starting FTP-Data-50091 TCP proxy: [IP]:50091 → [IP]:50091
2026-05-07 13:13:49,478 INFO [backend.app.services.virtual_printer.tcp_proxy] Starting FTP-Data-50092 TCP proxy: [IP]:50092 → [IP]:50092
2026-05-07 13:13:49,478 INFO [backend.app.services.virtual_printer.tcp_proxy] Starting FTP-Data-50093 TCP proxy: [IP]:50093 → [IP]:50093
2026-05-07 13:13:49,479 INFO [backend.app.services.virtual_printer.tcp_proxy] Starting FTP-Data-50094 TCP proxy: [IP]:50094 → [IP]:50094
2026-05-07 13:13:49,479 INFO [backend.app.services.virtual_printer.tcp_proxy] Starting FTP-Data-50095 TCP proxy: [IP]:50095 → [IP]:50095
2026-05-07 13:13:49,479 INFO [backend.app.services.virtual_printer.tcp_proxy] Starting FTP-Data-50096 TCP proxy: [IP]:50096 → [IP]:50096
2026-05-07 13:13:49,479 INFO [backend.app.services.virtual_printer.tcp_proxy] Starting FTP-Data-50097 TCP proxy: [IP]:50097 → [IP]:50097
2026-05-07 13:13:49,479 INFO [backend.app.services.virtual_printer.tcp_proxy] Starting FTP-Data-50098 TCP proxy: [IP]:50098 → [IP]:50098
2026-05-07 13:13:49,479 INFO [backend.app.services.virtual_printer.tcp_proxy] Starting FTP-Data-50099 TCP proxy: [IP]:50099 → [IP]:50099
2026-05-07 13:13:49,479 INFO [backend.app.services.virtual_printer.tcp_proxy] Starting FTP-Data-50100 TCP proxy: [IP]:50100 → [IP]:50100
2026-05-07 13:13:49,481 WARNING [backend.app.services.virtual_printer.bind_server] Bind server port 3000 already in use, skipping
2026-05-07 13:13:49,486 INFO [backend.app.services.virtual_printer.tcp_proxy] FTP TCP proxy listening on port 990
2026-05-07 13:13:49,486 INFO [backend.app.services.virtual_printer.tcp_proxy] MQTT TLS proxy listening on port 8883
2026-05-07 13:13:49,486 INFO [backend.app.services.virtual_printer.tcp_proxy] FileTransfer TCP proxy listening on port 6000
2026-05-07 13:13:49,486 INFO [backend.app.services.virtual_printer.tcp_proxy] RTSP TCP proxy listening on port 322
2026-05-07 13:13:49,486 INFO [backend.app.services.virtual_printer.tcp_proxy] Aux-2024 TCP proxy listening on port 2024
2026-05-07 13:13:49,486 INFO [backend.app.services.virtual_printer.tcp_proxy] Aux-2025 TCP proxy listening on port 2025
2026-05-07 13:13:49,486 INFO [backend.app.services.virtual_printer.tcp_proxy] Aux-2026 TCP proxy listening on port 2026
2026-05-07 13:13:49,486 INFO [backend.app.services.virtual_printer.tcp_proxy] FTP-Data-50000 TCP proxy listening on port 50000
2026-05-07 13:13:49,486 INFO [backend.app.services.virtual_printer.tcp_proxy] FTP-Data-50001 TCP proxy listening on port 50001
2026-05-07 13:13:49,487 INFO [backend.app.services.virtual_printer.tcp_proxy] FTP-Data-50002 TCP proxy listening on port 50002
2026-05-07 13:13:49,487 INFO [backend.app.services.virtual_printer.tcp_proxy] FTP-Data-50003 TCP proxy listening on port 50003
2026-05-07 13:13:49,487 INFO [backend.app.services.virtual_printer.tcp_proxy] FTP-Data-50004 TCP proxy listening on port 50004
2026-05-07 13:13:49,487 INFO [backend.app.services.virtual_printer.tcp_proxy] FTP-Data-50005 TCP proxy listening on port 50005
2026-05-07 13:13:49,487 INFO [backend.app.services.virtual_printer.tcp_proxy] FTP-Data-50006 TCP proxy listening on port 50006
2026-05-07 13:13:49,487 INFO [backend.app.services.virtual_printer.tcp_proxy] FTP-Data-50007 TCP proxy listening on port 50007
2026-05-07 13:13:49,487 INFO [backend.app.services.virtual_printer.tcp_proxy] FTP-Data-50008 TCP proxy listening on port 50008
2026-05-07 13:13:49,487 INFO [backend.app.services.virtual_printer.tcp_proxy] FTP-Data-50009 TCP proxy listening on port 50009
2026-05-07 13:13:49,487 INFO [backend.app.services.virtual_printer.tcp_proxy] FTP-Data-50010 TCP proxy listening on port 50010
2026-05-07 13:13:49,487 INFO [backend.app.services.virtual_printer.tcp_proxy] FTP-Data-50011 TCP proxy listening on port 50011
2026-05-07 13:13:49,487 INFO [backend.app.services.virtual_printer.tcp_proxy] FTP-Data-50012 TCP proxy listening on port 50012
2026-05-07 13:13:49,487 INFO [backend.app.services.virtual_printer.tcp_proxy] FTP-Data-50013 TCP proxy listening on port 50013
2026-05-07 13:13:49,487 INFO [backend.app.services.virtual_printer.tcp_proxy] FTP-Data-50014 TCP proxy listening on port 50014
2026-05-07 13:13:49,487 INFO [backend.app.services.virtual_printer.tcp_proxy] FTP-Data-50015 TCP proxy listening on port 50015
2026-05-07 13:13:49,487 INFO [backend.app.services.virtual_printer.tcp_proxy] FTP-Data-50016 TCP proxy listening on port 50016
2026-05-07 13:13:49,487 INFO [backend.app.services.virtual_printer.tcp_proxy] FTP-Data-50017 TCP proxy listening on port 50017
2026-05-07 13:13:49,487 INFO [backend.app.services.virtual_printer.tcp_proxy] FTP-Data-50018 TCP proxy listening on port 50018
2026-05-07 13:13:49,487 INFO [backend.app.services.virtual_printer.tcp_proxy] FTP-Data-50019 TCP proxy listening on port 50019
2026-05-07 13:13:49,487 INFO [backend.app.services.virtual_printer.tcp_proxy] FTP-Data-50020 TCP proxy listening on port 50020
2026-05-07 13:13:49,488 INFO [backend.app.services.virtual_printer.tcp_proxy] FTP-Data-50021 TCP proxy listening on port 50021
2026-05-07 13:13:49,488 INFO [backend.app.services.virtual_printer.tcp_proxy] FTP-Data-50022 TCP proxy listening on port 50022
2026-05-07 13:13:49,488 INFO [backend.app.services.virtual_printer.tcp_proxy] FTP-Data-50023 TCP proxy listening on port 50023
2026-05-07 13:13:49,488 INFO [backend.app.services.virtual_printer.tcp_proxy] FTP-Data-50024 TCP proxy listening on port 50024
2026-05-07 13:13:49,488 INFO [backend.app.services.virtual_printer.tcp_proxy] FTP-Data-50025 TCP proxy listening on port 50025
2026-05-07 13:13:49,488 INFO [backend.app.services.virtual_printer.tcp_proxy] FTP-Data-50026 TCP proxy listening on port 50026
2026-05-07 13:13:49,488 INFO [backend.app.services.virtual_printer.tcp_proxy] FTP-Data-50027 TCP proxy listening on port 50027
2026-05-07 13:13:49,488 INFO [backend.app.services.virtual_printer.tcp_proxy] FTP-Data-50028 TCP proxy listening on port 50028
2026-05-07 13:13:49,488 INFO [backend.app.services.virtual_printer.tcp_proxy] FTP-Data-50029 TCP proxy listening on port 50029
2026-05-07 13:13:49,488 INFO [backend.app.services.virtual_printer.tcp_proxy] FTP-Data-50030 TCP proxy listening on port 50030
2026-05-07 13:13:49,488 INFO [backend.app.services.virtual_printer.tcp_proxy] FTP-Data-50031 TCP proxy listening on port 50031
2026-05-07 13:13:49,488 INFO [backend.app.services.virtual_printer.tcp_proxy] FTP-Data-50032 TCP proxy listening on port 50032
2026-05-07 13:13:49,488 INFO [backend.app.services.virtual_printer.tcp_proxy] FTP-Data-50033 TCP proxy listening on port 50033
2026-05-07 13:13:49,488 INFO [backend.app.services.virtual_printer.tcp_proxy] FTP-Data-50034 TCP proxy listening on port 50034
2026-05-07 13:13:49,488 INFO [backend.app.services.virtual_printer.tcp_proxy] FTP-Data-50035 TCP proxy listening on port 50035
2026-05-07 13:13:49,488 INFO [backend.app.services.virtual_printer.tcp_proxy] FTP-Data-50036 TCP proxy listening on port 50036
2026-05-07 13:13:49,488 INFO [backend.app.services.virtual_printer.tcp_proxy] FTP-Data-50037 TCP proxy listening on port 50037
2026-05-07 13:13:49,488 INFO [backend.app.services.virtual_printer.tcp_proxy] FTP-Data-50038 TCP proxy listening on port 50038
2026-05-07 13:13:49,488 INFO [backend.app.services.virtual_printer.tcp_proxy] FTP-Data-50039 TCP proxy listening on port 50039
2026-05-07 13:13:49,489 INFO [backend.app.services.virtual_printer.tcp_proxy] FTP-Data-50040 TCP proxy listening on port 50040
2026-05-07 13:13:49,489 INFO [backend.app.services.virtual_printer.tcp_proxy] FTP-Data-50041 TCP proxy listening on port 50041
2026-05-07 13:13:49,489 INFO [backend.app.services.virtual_printer.tcp_proxy] FTP-Data-50042 TCP proxy listening on port 50042
2026-05-07 13:13:49,489 INFO [backend.app.services.virtual_printer.tcp_proxy] FTP-Data-50043 TCP proxy listening on port 50043
2026-05-07 13:13:49,489 INFO [backend.app.services.virtual_printer.tcp_proxy] FTP-Data-50044 TCP proxy listening on port 50044
2026-05-07 13:13:49,489 INFO [backend.app.services.virtual_printer.tcp_proxy] FTP-Data-50045 TCP proxy listening on port 50045
2026-05-07 13:13:49,489 INFO [backend.app.services.virtual_printer.tcp_proxy] FTP-Data-50046 TCP proxy listening on port 50046
2026-05-07 13:13:49,489 INFO [backend.app.services.virtual_printer.tcp_proxy] FTP-Data-50047 TCP proxy listening on port 50047
2026-05-07 13:13:49,489 INFO [backend.app.services.virtual_printer.tcp_proxy] FTP-Data-50048 TCP proxy listening on port 50048
2026-05-07 13:13:49,489 INFO [backend.app.services.virtual_printer.tcp_proxy] FTP-Data-50049 TCP proxy listening on port 50049
2026-05-07 13:13:49,489 INFO [backend.app.services.virtual_printer.tcp_proxy] FTP-Data-50050 TCP proxy listening on port 50050
2026-05-07 13:13:49,489 INFO [backend.app.services.virtual_printer.tcp_proxy] FTP-Data-50051 TCP proxy listening on port 50051
2026-05-07 13:13:49,489 INFO [backend.app.services.virtual_printer.tcp_proxy] FTP-Data-50052 TCP proxy listening on port 50052
2026-05-07 13:13:49,489 INFO [backend.app.services.virtual_printer.tcp_proxy] FTP-Data-50053 TCP proxy listening on port 50053
2026-05-07 13:13:49,489 INFO [backend.app.services.virtual_printer.tcp_proxy] FTP-Data-50054 TCP proxy listening on port 50054
2026-05-07 13:13:49,489 INFO [backend.app.services.virtual_printer.tcp_proxy] FTP-Data-50055 TCP proxy listening on port 50055
2026-05-07 13:13:49,489 INFO [backend.app.services.virtual_printer.tcp_proxy] FTP-Data-50056 TCP proxy listening on port 50056
2026-05-07 13:13:49,489 INFO [backend.app.services.virtual_printer.tcp_proxy] FTP-Data-50057 TCP proxy listening on port 50057
2026-05-07 13:13:49,489 INFO [backend.app.services.virtual_printer.tcp_proxy] FTP-Data-50058 TCP proxy listening on port 50058
2026-05-07 13:13:49,490 INFO [backend.app.services.virtual_printer.tcp_proxy] FTP-Data-50059 TCP proxy listening on port 50059
2026-05-07 13:13:49,490 INFO [backend.app.services.virtual_printer.tcp_proxy] FTP-Data-50060 TCP proxy listening on port 50060
2026-05-07 13:13:49,490 INFO [backend.app.services.virtual_printer.tcp_proxy] FTP-Data-50061 TCP proxy listening on port 50061
2026-05-07 13:13:49,490 INFO [backend.app.services.virtual_printer.tcp_proxy] FTP-Data-50062 TCP proxy listening on port 50062
2026-05-07 13:13:49,490 INFO [backend.app.services.virtual_printer.tcp_proxy] FTP-Data-50063 TCP proxy listening on port 50063
2026-05-07 13:13:49,490 INFO [backend.app.services.virtual_printer.tcp_proxy] FTP-Data-50064 TCP proxy listening on port 50064
2026-05-07 13:13:49,490 INFO [backend.app.services.virtual_printer.tcp_proxy] FTP-Data-50065 TCP proxy listening on port 50065
2026-05-07 13:13:49,490 INFO [backend.app.services.virtual_printer.tcp_proxy] FTP-Data-50066 TCP proxy listening on port 50066
2026-05-07 13:13:49,490 INFO [backend.app.services.virtual_printer.tcp_proxy] FTP-Data-50067 TCP proxy listening on port 50067
2026-05-07 13:13:49,490 INFO [backend.app.services.virtual_printer.tcp_proxy] FTP-Data-50068 TCP proxy listening on port 50068
2026-05-07 13:13:49,490 INFO [backend.app.services.virtual_printer.tcp_proxy] FTP-Data-50069 TCP proxy listening on port 50069
2026-05-07 13:13:49,490 INFO [backend.app.services.virtual_printer.tcp_proxy] FTP-Data-50070 TCP proxy listening on port 50070
2026-05-07 13:13:49,490 INFO [backend.app.services.virtual_printer.tcp_proxy] FTP-Data-50071 TCP proxy listening on port 50071
2026-05-07 13:13:49,490 INFO [backend.app.services.virtual_printer.tcp_proxy] FTP-Data-50072 TCP proxy listening on port 50072
2026-05-07 13:13:49,490 INFO [backend.app.services.virtual_printer.tcp_proxy] FTP-Data-50073 TCP proxy listening on port 50073
2026-05-07 13:13:49,490 INFO [backend.app.services.virtual_printer.tcp_proxy] FTP-Data-50074 TCP proxy listening on port 50074
2026-05-07 13:13:49,490 INFO [backend.app.services.virtual_printer.tcp_proxy] FTP-Data-50075 TCP proxy listening on port 50075
2026-05-07 13:13:49,490 INFO [backend.app.services.virtual_printer.tcp_proxy] FTP-Data-50076 TCP proxy listening on port 50076
2026-05-07 13:13:49,490 INFO [backend.app.services.virtual_printer.tcp_proxy] FTP-Data-50077 TCP proxy listening on port 50077
2026-05-07 13:13:49,490 INFO [backend.app.services.virtual_printer.tcp_proxy] FTP-Data-50078 TCP proxy listening on port 50078
2026-05-07 13:13:49,491 INFO [backend.app.services.virtual_printer.tcp_proxy] FTP-Data-50079 TCP proxy listening on port 50079
2026-05-07 13:13:49,491 INFO [backend.app.services.virtual_printer.tcp_proxy] FTP-Data-50080 TCP proxy listening on port 50080
2026-05-07 13:13:49,491 INFO [backend.app.services.virtual_printer.tcp_proxy] FTP-Data-50081 TCP proxy listening on port 50081
2026-05-07 13:13:49,491 INFO [backend.app.services.virtual_printer.tcp_proxy] FTP-Data-50082 TCP proxy listening on port 50082
2026-05-07 13:13:49,491 INFO [backend.app.services.virtual_printer.tcp_proxy] FTP-Data-50083 TCP proxy listening on port 50083
2026-05-07 13:13:49,491 INFO [backend.app.services.virtual_printer.tcp_proxy] FTP-Data-50084 TCP proxy listening on port 50084
2026-05-07 13:13:49,491 INFO [backend.app.services.virtual_printer.tcp_proxy] FTP-Data-50085 TCP proxy listening on port 50085
2026-05-07 13:13:49,491 INFO [backend.app.services.virtual_printer.tcp_proxy] FTP-Data-50086 TCP proxy listening on port 50086
2026-05-07 13:13:49,491 INFO [backend.app.services.virtual_printer.tcp_proxy] FTP-Data-50087 TCP proxy listening on port 50087
2026-05-07 13:13:49,491 INFO [backend.app.services.virtual_printer.tcp_proxy] FTP-Data-50088 TCP proxy listening on port 50088
2026-05-07 13:13:49,491 INFO [backend.app.services.virtual_printer.tcp_proxy] FTP-Data-50089 TCP proxy listening on port 50089
2026-05-07 13:13:49,491 INFO [backend.app.services.virtual_printer.tcp_proxy] FTP-Data-50090 TCP proxy listening on port 50090
2026-05-07 13:13:49,491 INFO [backend.app.services.virtual_printer.tcp_proxy] FTP-Data-50091 TCP proxy listening on port 50091
2026-05-07 13:13:49,491 INFO [backend.app.services.virtual_printer.tcp_proxy] FTP-Data-50092 TCP proxy listening on port 50092
2026-05-07 13:13:49,491 INFO [backend.app.services.virtual_printer.tcp_proxy] FTP-Data-50093 TCP proxy listening on port 50093
2026-05-07 13:13:49,491 INFO [backend.app.services.virtual_printer.tcp_proxy] FTP-Data-50094 TCP proxy listening on port 50094
2026-05-07 13:13:49,491 INFO [backend.app.services.virtual_printer.tcp_proxy] FTP-Data-50095 TCP proxy listening on port 50095
2026-05-07 13:13:49,491 INFO [backend.app.services.virtual_printer.tcp_proxy] FTP-Data-50096 TCP proxy listening on port 50096
2026-05-07 13:13:49,491 INFO [backend.app.services.virtual_printer.tcp_proxy] FTP-Data-50097 TCP proxy listening on port 50097
2026-05-07 13:13:49,492 INFO [backend.app.services.virtual_printer.tcp_proxy] FTP-Data-50098 TCP proxy listening on port 50098
2026-05-07 13:13:49,492 INFO [backend.app.services.virtual_printer.tcp_proxy] FTP-Data-50099 TCP proxy listening on port 50099
2026-05-07 13:13:49,492 INFO [backend.app.services.virtual_printer.tcp_proxy] FTP-Data-50100 TCP proxy listening on port 50100
2026-05-07 13:13:49,492 INFO [backend.app.services.virtual_printer.bind_server] Bind server listening on [IP]:3002 (TLS)
2026-05-07 13:13:49,493 INFO [backend.app.services.virtual_printer.tcp_proxy] Proxy diagnostic: probing un-proxied ports [21] on [IP]
2026-05-07 13:13:49,493 INFO [backend.app.services.virtual_printer.tcp_proxy] Slicer proxy started for [IP] (transparent TCP + MQTT TLS, 101 FTP data ports)
2026-05-07 13:14:41,104 INFO [backend.app.api.routes.cloud] get_filament_info called with 1 IDs: ['GFL99']
2026-05-07 13:15:12,390 INFO [backend.app.api.routes.websocket] WebSocket client disconnected normally
2026-05-07 17:25:12,601 INFO [backend.app.api.routes.websocket] WebSocket client connecting...
2026-05-07 17:25:12,602 INFO [backend.app.api.routes.websocket] WebSocket client connected
2026-05-07 17:25:12,604 INFO [backend.app.api.routes.websocket] Sent initial status for 1 printers
2026-05-07 17:25:12,837 INFO [backend.app.api.routes.cloud] get_filament_info called with 1 IDs: ['GFL99']
2026-05-07 17:25:14,526 INFO [backend.app.services.firmware_check] Got Bambu Lab build ID: qlInJoEY-IkhFrtF0HKX1
2026-05-07 17:25:55,530 INFO [backend.app.api.routes.support] Log level changed to DEBUG
2026-05-07 17:25:55,531 INFO [backend.app.api.routes.bug_report] Bug report: enabled debug logging
2026-05-07 17:25:55,531 DEBUG [backend.app.services.bambu_mqtt] [[SERIAL]] Requesting status update (pushall)
2026-05-07 17:25:56,480 DEBUG [backend.app.services.bambu_mqtt] [[SERIAL]] Received gcode_state: FINISH, gcode_file: , subtask_name: toy_story_alien1
2026-05-07 17:25:56,480 DEBUG [backend.app.services.bambu_mqtt] [[SERIAL]] AMS dict fields: {'ams_exist_bits': '0', 'tray_exist_bits': '0', 'tray_is_bbl_bits': '0', 'tray_tar': '255', 'tray_now': '254', 'tray_pre': '254', 'tray_read_done_bits': '0', 'tray_reading_bits': '0', 'version': 1, 'insert_flag': True, 'power_on_flag': False}
2026-05-07 17:25:56,480 DEBUG [backend.app.services.bambu_mqtt] [[SERIAL]] tray_now updated: 254
2026-05-07 17:25:56,481 DEBUG [backend.app.services.bambu_mqtt] [[SERIAL]] Merged AMS data: 0 new units, 0 total
2026-05-07 17:25:56,481 DEBUG [backend.app.services.bambu_mqtt] [[SERIAL]] ams_status: 0 (main=0, sub=0)
2026-05-07 17:25:56,481 DEBUG [backend.app.services.bambu_mqtt] [[SERIAL]] Received command response: push_status
2026-05-07 17:25:56,482 DEBUG [backend.app.services.bambu_mqtt] [[SERIAL]] chamber_temper raw value: 5.0
2026-05-07 17:25:56,482 DEBUG [backend.app.services.bambu_mqtt] [[SERIAL]] chamber_temper direct value: 5.0°C (heater OFF)
2026-05-07 17:25:56,482 DEBUG [backend.app.services.bambu_mqtt] [[SERIAL]] Chamber heating calculated: target=0.0, current=5.0, heating=False, respect_local=False
2026-05-07 17:25:56,482 DEBUG [backend.app.services.bambu_mqtt] [[SERIAL]] Chamber temp updated to: 5.0, target: 0.0, heating: False
2026-05-07 17:25:56,483 DEBUG [backend.app.services.bambu_mqtt] [[SERIAL]] HMS data received: []
2026-05-07 17:25:56,483 DEBUG [backend.app.services.bambu_mqtt] [[SERIAL]] ipcam field: {'ipcam_dev': '1', 'ipcam_record': 'enable', 'timelapse': 'disable', 'resolution': '', 'tutk_server': 'disable', 'mode_bits': 3}
2026-05-07 17:25:56,483 DEBUG [backend.app.services.bambu_mqtt] [[SERIAL]] wifi_signal received: -48dBm
2026-05-07 17:25:56,483 DEBUG [backend.app.services.bambu_mqtt] [[SERIAL]] lights_report: [{'node': 'chamber_light', 'mode': 'on'}]
2026-05-07 17:25:56,484 DEBUG [backend.app.services.bambu_mqtt] [[SERIAL]] gcode_state: FINISH -> FINISH, file: , subtask: toy_story_alien1
2026-05-07 17:25:58,487 DEBUG [backend.app.services.bambu_mqtt] [[SERIAL]] Received command response: push_status
2026-05-07 17:25:58,487 DEBUG [backend.app.services.bambu_mqtt] [[SERIAL]] wifi_signal received: -47dBm